{"uid":"11090767ffc01349","name":"test_registration_valid_data","fullName":"conduit_tests.test_registration.TestLogin#test_registration_valid_data","historyId":"b0562aacaa02dbfa22bdf34e0a8f3256","time":{"start":1681122630801,"stop":1681122633169,"duration":2368},"status":"broken","statusMessage":"selenium.common.exceptions.TimeoutException: Message: \nStacktrace:\n#0 0x560160c7c243 <unknown>\n#1 0x560160a407a6 <unknown>\n#2 0x560160a7d64d <unknown>\n#3 0x560160a7d761 <unknown>\n#4 0x560160ab8da4 <unknown>\n#5 0x560160a9e0ad <unknown>\n#6 0x560160ab6932 <unknown>\n#7 0x560160a9de53 <unknown>\n#8 0x560160a709ea <unknown>\n#9 0x560160a71b2e <unknown>\n#10 0x560160cd0d5e <unknown>\n#11 0x560160cd4a80 <unknown>\n#12 0x560160cb68b0 <unknown>\n#13 0x560160cd5b63 <unknown>\n#14 0x560160ca7f75 <unknown>\n#15 0x560160cf8998 <unknown>\n#16 0x560160cf8b27 <unknown>\n#17 0x560160d13c23 <unknown>\n#18 0x7f51a0cbcb43 <unknown>","statusTrace":"self = <test_registration.TestLogin object at 0x7f05772bbd60>\n\n    def test_registration_valid_data(self):\n>       registration(self.browser, user[\"name\"], user[\"email\"], user[\"password\"])\n\nconduit_tests/test_registration.py:27: \n_ _ _ _ _ _ _ _ _ _ _ _ _ _ _ _ _ _ _ _ _ _ _ _ _ _ _ _ _ _ _ _ _ _ _ _ _ _ _ _ \nconduit_tests/main_functions.py:58: in registration\n    welcome_but = wait.until(\n_ _ _ _ _ _ _ _ _ _ _ _ _ _ _ _ _ _ _ _ _ _ _ _ _ _ _ _ _ _ _ _ _ _ _ _ _ _ _ _ \n\nself = <selenium.webdriver.support.wait.WebDriverWait (session=\"22f3984224514fe9e7e4bdb3e290ffe3\")>\nmethod = <function presence_of_element_located.<locals>._predicate at 0x7f05761b2b00>\nmessage = ''\n\n    def until(self, method, message: str = \"\"):\n        \"\"\"Calls the method provided with the driver as an argument until the \\\n        return value does not evaluate to ``False``.\n    \n        :param method: callable(WebDriver)\n        :param message: optional message for :exc:`TimeoutException`\n        :returns: the result of the last call to `method`\n        :raises: :exc:`selenium.common.exceptions.TimeoutException` if timeout occurs\n        \"\"\"\n        screen = None\n        stacktrace = None\n    \n        end_time = time.monotonic() + self._timeout\n        while True:\n            try:\n                value = method(self._driver)\n                if value:\n                    return value\n            except self._ignored_exceptions as exc:\n                screen = getattr(exc, \"screen\", None)\n                stacktrace = getattr(exc, \"stacktrace\", None)\n            time.sleep(self._poll)\n            if time.monotonic() > end_time:\n                break\n>       raise TimeoutException(message, screen, stacktrace)\nE       selenium.common.exceptions.TimeoutException: Message: \nE       Stacktrace:\nE       #0 0x560160c7c243 <unknown>\nE       #1 0x560160a407a6 <unknown>\nE       #2 0x560160a7d64d <unknown>\nE       #3 0x560160a7d761 <unknown>\nE       #4 0x560160ab8da4 <unknown>\nE       #5 0x560160a9e0ad <unknown>\nE       #6 0x560160ab6932 <unknown>\nE       #7 0x560160a9de53 <unknown>\nE       #8 0x560160a709ea <unknown>\nE       #9 0x560160a71b2e <unknown>\nE       #10 0x560160cd0d5e <unknown>\nE       #11 0x560160cd4a80 <unknown>\nE       #12 0x560160cb68b0 <unknown>\nE       #13 0x560160cd5b63 <unknown>\nE       #14 0x560160ca7f75 <unknown>\nE       #15 0x560160cf8998 <unknown>\nE       #16 0x560160cf8b27 <unknown>\nE       #17 0x560160d13c23 <unknown>\nE       #18 0x7f51a0cbcb43 <unknown>\n\n/opt/hostedtoolcache/Python/3.10.10/x64/lib/python3.10/site-packages/selenium/webdriver/support/wait.py:95: TimeoutException","flaky":false,"newFailed":false,"newBroken":false,"newPassed":false,"retriesCount":0,"retriesStatusChange":false,"beforeStages":[{"name":"_xunit_setup_method_fixture_TestLogin","time":{"start":1681122629621,"stop":1681122630800,"duration":1179},"status":"passed","steps":[],"attachments":[],"parameters":[],"stepsCount":0,"attachmentsCount":0,"shouldDisplayMessage":false,"hasContent":false}],"afterStages":[{"name":"_xunit_setup_method_fixture_TestLogin::0","time":{"start":1681122633178,"stop":1681122633237,"duration":59},"status":"passed","steps":[],"attachments":[],"parameters":[],"stepsCount":0,"attachmentsCount":0,"shouldDisplayMessage":false,"hasContent":false}],"labels":[{"name":"parentSuite","value":"conduit_tests"},{"name":"suite","value":"test_registration"},{"name":"subSuite","value":"TestLogin"},{"name":"host","value":"fv-az575-257"},{"name":"thread","value":"3160-MainThread"},{"name":"framework","value":"pytest"},{"name":"language","value":"cpython3"},{"name":"package","value":"conduit_tests.test_registration"},{"name":"resultFormat","value":"allure2"}],"parameters":[],"links":[],"hidden":false,"retry":false,"extra":{"severity":"normal","retries":[],"categories":[{"name":"Test defects","matchedStatuses":[],"flaky":false}],"tags":[]},"source":"11090767ffc01349.json","parameterValues":[]}