{"uid":"d368bac4fc497a2d","name":"test_logout","fullName":"conduit_tests.test_logout.TestLogin#test_logout","historyId":"aa42755183f3997ddaa82a985de21066","time":{"start":1681122627188,"stop":1681122629550,"duration":2362},"status":"broken","statusMessage":"selenium.common.exceptions.TimeoutException: Message: \nStacktrace:\n#0 0x564a6eb0a243 <unknown>\n#1 0x564a6e8ce7a6 <unknown>\n#2 0x564a6e90b64d <unknown>\n#3 0x564a6e90b761 <unknown>\n#4 0x564a6e946da4 <unknown>\n#5 0x564a6e92c0ad <unknown>\n#6 0x564a6e944932 <unknown>\n#7 0x564a6e92be53 <unknown>\n#8 0x564a6e8fe9ea <unknown>\n#9 0x564a6e8ffb2e <unknown>\n#10 0x564a6eb5ed5e <unknown>\n#11 0x564a6eb62a80 <unknown>\n#12 0x564a6eb448b0 <unknown>\n#13 0x564a6eb63b63 <unknown>\n#14 0x564a6eb35f75 <unknown>\n#15 0x564a6eb86998 <unknown>\n#16 0x564a6eb86b27 <unknown>\n#17 0x564a6eba1c23 <unknown>\n#18 0x7f5b2ceceb43 <unknown>","statusTrace":"self = <test_logout.TestLogin object at 0x7f05772bb7f0>\n\n    def test_logout(self):\n>       login(self.browser, user[\"name\"], user[\"email\"], user[\"password\"])\n\nconduit_tests/test_logout.py:27: \n_ _ _ _ _ _ _ _ _ _ _ _ _ _ _ _ _ _ _ _ _ _ _ _ _ _ _ _ _ _ _ _ _ _ _ _ _ _ _ _ \nconduit_tests/main_functions.py:33: in login\n    profile = wait.until(EC.presence_of_element_located((By.XPATH, f\"//a[@href='#/@{name}/']\")))\n_ _ _ _ _ _ _ _ _ _ _ _ _ _ _ _ _ _ _ _ _ _ _ _ _ _ _ _ _ _ _ _ _ _ _ _ _ _ _ _ \n\nself = <selenium.webdriver.support.wait.WebDriverWait (session=\"1d8c8df55fb6eeb249bc751d11f838a5\")>\nmethod = <function presence_of_element_located.<locals>._predicate at 0x7f057736e320>\nmessage = ''\n\n    def until(self, method, message: str = \"\"):\n        \"\"\"Calls the method provided with the driver as an argument until the \\\n        return value does not evaluate to ``False``.\n    \n        :param method: callable(WebDriver)\n        :param message: optional message for :exc:`TimeoutException`\n        :returns: the result of the last call to `method`\n        :raises: :exc:`selenium.common.exceptions.TimeoutException` if timeout occurs\n        \"\"\"\n        screen = None\n        stacktrace = None\n    \n        end_time = time.monotonic() + self._timeout\n        while True:\n            try:\n                value = method(self._driver)\n                if value:\n                    return value\n            except self._ignored_exceptions as exc:\n                screen = getattr(exc, \"screen\", None)\n                stacktrace = getattr(exc, \"stacktrace\", None)\n            time.sleep(self._poll)\n            if time.monotonic() > end_time:\n                break\n>       raise TimeoutException(message, screen, stacktrace)\nE       selenium.common.exceptions.TimeoutException: Message: \nE       Stacktrace:\nE       #0 0x564a6eb0a243 <unknown>\nE       #1 0x564a6e8ce7a6 <unknown>\nE       #2 0x564a6e90b64d <unknown>\nE       #3 0x564a6e90b761 <unknown>\nE       #4 0x564a6e946da4 <unknown>\nE       #5 0x564a6e92c0ad <unknown>\nE       #6 0x564a6e944932 <unknown>\nE       #7 0x564a6e92be53 <unknown>\nE       #8 0x564a6e8fe9ea <unknown>\nE       #9 0x564a6e8ffb2e <unknown>\nE       #10 0x564a6eb5ed5e <unknown>\nE       #11 0x564a6eb62a80 <unknown>\nE       #12 0x564a6eb448b0 <unknown>\nE       #13 0x564a6eb63b63 <unknown>\nE       #14 0x564a6eb35f75 <unknown>\nE       #15 0x564a6eb86998 <unknown>\nE       #16 0x564a6eb86b27 <unknown>\nE       #17 0x564a6eba1c23 <unknown>\nE       #18 0x7f5b2ceceb43 <unknown>\n\n/opt/hostedtoolcache/Python/3.10.10/x64/lib/python3.10/site-packages/selenium/webdriver/support/wait.py:95: TimeoutException","flaky":false,"newFailed":false,"newBroken":false,"newPassed":false,"retriesCount":0,"retriesStatusChange":false,"beforeStages":[{"name":"_xunit_setup_method_fixture_TestLogin","time":{"start":1681122626001,"stop":1681122627187,"duration":1186},"status":"passed","steps":[],"attachments":[],"parameters":[],"stepsCount":0,"attachmentsCount":0,"shouldDisplayMessage":false,"hasContent":false}],"afterStages":[{"name":"_xunit_setup_method_fixture_TestLogin::0","time":{"start":1681122629562,"stop":1681122629619,"duration":57},"status":"passed","steps":[],"attachments":[],"parameters":[],"stepsCount":0,"attachmentsCount":0,"shouldDisplayMessage":false,"hasContent":false}],"labels":[{"name":"parentSuite","value":"conduit_tests"},{"name":"suite","value":"test_logout"},{"name":"subSuite","value":"TestLogin"},{"name":"host","value":"fv-az575-257"},{"name":"thread","value":"3160-MainThread"},{"name":"framework","value":"pytest"},{"name":"language","value":"cpython3"},{"name":"package","value":"conduit_tests.test_logout"},{"name":"resultFormat","value":"allure2"}],"parameters":[],"links":[],"hidden":false,"retry":false,"extra":{"severity":"normal","retries":[],"categories":[{"name":"Test defects","matchedStatuses":[],"flaky":false}],"tags":[]},"source":"d368bac4fc497a2d.json","parameterValues":[]}