{"uid":"6313883457f99515","name":"test_logout","fullName":"conduit_tests.test_logout.TestLogin#test_logout","historyId":"aa42755183f3997ddaa82a985de21066","time":{"start":1681122292634,"stop":1681122294923,"duration":2289},"status":"broken","statusMessage":"selenium.common.exceptions.TimeoutException: Message: \nStacktrace:\n#0 0x55c971a58243 <unknown>\n#1 0x55c97181c7a6 <unknown>\n#2 0x55c97185964d <unknown>\n#3 0x55c971859761 <unknown>\n#4 0x55c971894da4 <unknown>\n#5 0x55c97187a0ad <unknown>\n#6 0x55c971892932 <unknown>\n#7 0x55c971879e53 <unknown>\n#8 0x55c97184c9ea <unknown>\n#9 0x55c97184db2e <unknown>\n#10 0x55c971aacd5e <unknown>\n#11 0x55c971ab0a80 <unknown>\n#12 0x55c971a928b0 <unknown>\n#13 0x55c971ab1b63 <unknown>\n#14 0x55c971a83f75 <unknown>\n#15 0x55c971ad4998 <unknown>\n#16 0x55c971ad4b27 <unknown>\n#17 0x55c971aefc23 <unknown>\n#18 0x7f71fa0e8b43 <unknown>","statusTrace":"self = <test_logout.TestLogin object at 0x7f23e4ebb7f0>\n\n    def test_logout(self):\n>       login(self.browser, user[\"name\"], user[\"email\"], user[\"password\"])\n\nconduit_tests/test_logout.py:27: \n_ _ _ _ _ _ _ _ _ _ _ _ _ _ _ _ _ _ _ _ _ _ _ _ _ _ _ _ _ _ _ _ _ _ _ _ _ _ _ _ \nconduit_tests/main_functions.py:33: in login\n    profile = wait.until(EC.presence_of_element_located((By.XPATH, f\"//a[@href='#/@{name}/']\")))\n_ _ _ _ _ _ _ _ _ _ _ _ _ _ _ _ _ _ _ _ _ _ _ _ _ _ _ _ _ _ _ _ _ _ _ _ _ _ _ _ \n\nself = <selenium.webdriver.support.wait.WebDriverWait (session=\"16013ca1cce213f9ac17cdf41b4d647c\")>\nmethod = <function presence_of_element_located.<locals>._predicate at 0x7f23e57f6200>\nmessage = ''\n\n    def until(self, method, message: str = \"\"):\n        \"\"\"Calls the method provided with the driver as an argument until the \\\n        return value does not evaluate to ``False``.\n    \n        :param method: callable(WebDriver)\n        :param message: optional message for :exc:`TimeoutException`\n        :returns: the result of the last call to `method`\n        :raises: :exc:`selenium.common.exceptions.TimeoutException` if timeout occurs\n        \"\"\"\n        screen = None\n        stacktrace = None\n    \n        end_time = time.monotonic() + self._timeout\n        while True:\n            try:\n                value = method(self._driver)\n                if value:\n                    return value\n            except self._ignored_exceptions as exc:\n                screen = getattr(exc, \"screen\", None)\n                stacktrace = getattr(exc, \"stacktrace\", None)\n            time.sleep(self._poll)\n            if time.monotonic() > end_time:\n                break\n>       raise TimeoutException(message, screen, stacktrace)\nE       selenium.common.exceptions.TimeoutException: Message: \nE       Stacktrace:\nE       #0 0x55c971a58243 <unknown>\nE       #1 0x55c97181c7a6 <unknown>\nE       #2 0x55c97185964d <unknown>\nE       #3 0x55c971859761 <unknown>\nE       #4 0x55c971894da4 <unknown>\nE       #5 0x55c97187a0ad <unknown>\nE       #6 0x55c971892932 <unknown>\nE       #7 0x55c971879e53 <unknown>\nE       #8 0x55c97184c9ea <unknown>\nE       #9 0x55c97184db2e <unknown>\nE       #10 0x55c971aacd5e <unknown>\nE       #11 0x55c971ab0a80 <unknown>\nE       #12 0x55c971a928b0 <unknown>\nE       #13 0x55c971ab1b63 <unknown>\nE       #14 0x55c971a83f75 <unknown>\nE       #15 0x55c971ad4998 <unknown>\nE       #16 0x55c971ad4b27 <unknown>\nE       #17 0x55c971aefc23 <unknown>\nE       #18 0x7f71fa0e8b43 <unknown>\n\n/opt/hostedtoolcache/Python/3.10.10/x64/lib/python3.10/site-packages/selenium/webdriver/support/wait.py:95: TimeoutException","flaky":false,"newFailed":false,"newBroken":false,"newPassed":false,"retriesCount":0,"retriesStatusChange":false,"beforeStages":[{"name":"_xunit_setup_method_fixture_TestLogin","time":{"start":1681122291448,"stop":1681122292634,"duration":1186},"status":"passed","steps":[],"attachments":[],"parameters":[],"stepsCount":0,"attachmentsCount":0,"shouldDisplayMessage":false,"hasContent":false}],"afterStages":[{"name":"_xunit_setup_method_fixture_TestLogin::0","time":{"start":1681122294932,"stop":1681122294988,"duration":56},"status":"passed","steps":[],"attachments":[],"parameters":[],"stepsCount":0,"attachmentsCount":0,"shouldDisplayMessage":false,"hasContent":false}],"labels":[{"name":"parentSuite","value":"conduit_tests"},{"name":"suite","value":"test_logout"},{"name":"subSuite","value":"TestLogin"},{"name":"host","value":"fv-az741-262"},{"name":"thread","value":"3162-MainThread"},{"name":"framework","value":"pytest"},{"name":"language","value":"cpython3"},{"name":"package","value":"conduit_tests.test_logout"},{"name":"resultFormat","value":"allure2"}],"parameters":[],"links":[],"hidden":false,"retry":false,"extra":{"severity":"normal","retries":[],"categories":[{"name":"Test defects","matchedStatuses":[],"flaky":false}],"tags":[]},"source":"6313883457f99515.json","parameterValues":[]}