{"uid":"faac0a68ab963d07","name":"test_logout","fullName":"conduit_tests.test_logout.TestLogout#test_logout","historyId":"e49f986e2fb16613be5feda187a0c160","time":{"start":1681123147062,"stop":1681123152518,"duration":5456},"status":"broken","statusMessage":"selenium.common.exceptions.TimeoutException: Message: \nStacktrace:\n#0 0x555a4b3b0243 <unknown>\n#1 0x555a4b1747a6 <unknown>\n#2 0x555a4b1b164d <unknown>\n#3 0x555a4b1b1761 <unknown>\n#4 0x555a4b1ecda4 <unknown>\n#5 0x555a4b1d20ad <unknown>\n#6 0x555a4b1ea932 <unknown>\n#7 0x555a4b1d1e53 <unknown>\n#8 0x555a4b1a49ea <unknown>\n#9 0x555a4b1a5b2e <unknown>\n#10 0x555a4b404d5e <unknown>\n#11 0x555a4b408a80 <unknown>\n#12 0x555a4b3ea8b0 <unknown>\n#13 0x555a4b409b63 <unknown>\n#14 0x555a4b3dbf75 <unknown>\n#15 0x555a4b42c998 <unknown>\n#16 0x555a4b42cb27 <unknown>\n#17 0x555a4b447c23 <unknown>\n#18 0x7f43ea73eb43 <unknown>","statusTrace":"self = <test_logout.TestLogout object at 0x7fe7e9b5f460>\n\n    def test_logout(self):\n>       login(self.browser, user[\"name\"], user[\"email\"], user[\"password\"])\n\nconduit_tests/test_logout.py:27: \n_ _ _ _ _ _ _ _ _ _ _ _ _ _ _ _ _ _ _ _ _ _ _ _ _ _ _ _ _ _ _ _ _ _ _ _ _ _ _ _ \nconduit_tests/main_functions.py:33: in login\n    profile = wait.until(EC.presence_of_element_located((By.XPATH, f\"//a[@href='#/@{name}/']\")))\n_ _ _ _ _ _ _ _ _ _ _ _ _ _ _ _ _ _ _ _ _ _ _ _ _ _ _ _ _ _ _ _ _ _ _ _ _ _ _ _ \n\nself = <selenium.webdriver.support.wait.WebDriverWait (session=\"5db9b09c21f7988446743a28a376e826\")>\nmethod = <function presence_of_element_located.<locals>._predicate at 0x7fe7e9bf60e0>\nmessage = ''\n\n    def until(self, method, message: str = \"\"):\n        \"\"\"Calls the method provided with the driver as an argument until the \\\n        return value does not evaluate to ``False``.\n    \n        :param method: callable(WebDriver)\n        :param message: optional message for :exc:`TimeoutException`\n        :returns: the result of the last call to `method`\n        :raises: :exc:`selenium.common.exceptions.TimeoutException` if timeout occurs\n        \"\"\"\n        screen = None\n        stacktrace = None\n    \n        end_time = time.monotonic() + self._timeout\n        while True:\n            try:\n                value = method(self._driver)\n                if value:\n                    return value\n            except self._ignored_exceptions as exc:\n                screen = getattr(exc, \"screen\", None)\n                stacktrace = getattr(exc, \"stacktrace\", None)\n            time.sleep(self._poll)\n            if time.monotonic() > end_time:\n                break\n>       raise TimeoutException(message, screen, stacktrace)\nE       selenium.common.exceptions.TimeoutException: Message: \nE       Stacktrace:\nE       #0 0x555a4b3b0243 <unknown>\nE       #1 0x555a4b1747a6 <unknown>\nE       #2 0x555a4b1b164d <unknown>\nE       #3 0x555a4b1b1761 <unknown>\nE       #4 0x555a4b1ecda4 <unknown>\nE       #5 0x555a4b1d20ad <unknown>\nE       #6 0x555a4b1ea932 <unknown>\nE       #7 0x555a4b1d1e53 <unknown>\nE       #8 0x555a4b1a49ea <unknown>\nE       #9 0x555a4b1a5b2e <unknown>\nE       #10 0x555a4b404d5e <unknown>\nE       #11 0x555a4b408a80 <unknown>\nE       #12 0x555a4b3ea8b0 <unknown>\nE       #13 0x555a4b409b63 <unknown>\nE       #14 0x555a4b3dbf75 <unknown>\nE       #15 0x555a4b42c998 <unknown>\nE       #16 0x555a4b42cb27 <unknown>\nE       #17 0x555a4b447c23 <unknown>\nE       #18 0x7f43ea73eb43 <unknown>\n\n/opt/hostedtoolcache/Python/3.10.10/x64/lib/python3.10/site-packages/selenium/webdriver/support/wait.py:95: TimeoutException","flaky":false,"newFailed":false,"newBroken":false,"newPassed":false,"retriesCount":0,"retriesStatusChange":false,"beforeStages":[{"name":"_xunit_setup_method_fixture_TestLogout","time":{"start":1681123145587,"stop":1681123147061,"duration":1474},"status":"passed","steps":[],"attachments":[],"parameters":[],"stepsCount":0,"attachmentsCount":0,"shouldDisplayMessage":false,"hasContent":false}],"afterStages":[{"name":"_xunit_setup_method_fixture_TestLogout::0","time":{"start":1681123152530,"stop":1681123152587,"duration":57},"status":"passed","steps":[],"attachments":[],"parameters":[],"stepsCount":0,"attachmentsCount":0,"shouldDisplayMessage":false,"hasContent":false}],"labels":[{"name":"parentSuite","value":"conduit_tests"},{"name":"suite","value":"test_logout"},{"name":"subSuite","value":"TestLogout"},{"name":"host","value":"fv-az176-65"},{"name":"thread","value":"3075-MainThread"},{"name":"framework","value":"pytest"},{"name":"language","value":"cpython3"},{"name":"package","value":"conduit_tests.test_logout"},{"name":"resultFormat","value":"allure2"}],"parameters":[],"links":[],"hidden":false,"retry":false,"extra":{"severity":"normal","retries":[],"categories":[{"name":"Test defects","matchedStatuses":[],"flaky":false}],"tags":[]},"source":"faac0a68ab963d07.json","parameterValues":[]}