{"uid":"7011c5f0192d84ec","name":"test_registration_valid_data","fullName":"conduit_tests.test_conduit.TestConduit#test_registration_valid_data","historyId":"5b78aed4248d06dbd4bc80e949d7167f","time":{"start":1681212093027,"stop":1681212095840,"duration":2813},"status":"broken","statusMessage":"selenium.common.exceptions.TimeoutException: Message: \nStacktrace:\n#0 0x55616c35cfe3 <unknown>\n#1 0x55616c09bd36 <unknown>\n#2 0x55616c0d8c4d <unknown>\n#3 0x55616c0d8d61 <unknown>\n#4 0x55616c1146a4 <unknown>\n#5 0x55616c0f98ed <unknown>\n#6 0x55616c112232 <unknown>\n#7 0x55616c0f9693 <unknown>\n#8 0x55616c0cc03a <unknown>\n#9 0x55616c0cd17e <unknown>\n#10 0x55616c31edbd <unknown>\n#11 0x55616c322c6c <unknown>\n#12 0x55616c32c4b0 <unknown>\n#13 0x55616c323d63 <unknown>\n#14 0x55616c2f6c35 <unknown>\n#15 0x55616c347138 <unknown>\n#16 0x55616c3472c7 <unknown>\n#17 0x55616c355093 <unknown>\n#18 0x7fab57b14b43 <unknown>","statusTrace":"self = <test_conduit.TestConduit object at 0x7f8df60756f0>\n\n    def test_registration_valid_data(self):\n>       registration(self.browser, user[\"name\"], user[\"email\"], user[\"password\"])\n\nconduit_tests/test_conduit.py:34: \n_ _ _ _ _ _ _ _ _ _ _ _ _ _ _ _ _ _ _ _ _ _ _ _ _ _ _ _ _ _ _ _ _ _ _ _ _ _ _ _ \nconduit_tests/main_functions.py:60: in registration\n    welcome_but = wait.until(\n_ _ _ _ _ _ _ _ _ _ _ _ _ _ _ _ _ _ _ _ _ _ _ _ _ _ _ _ _ _ _ _ _ _ _ _ _ _ _ _ \n\nself = <selenium.webdriver.support.wait.WebDriverWait (session=\"722660b741bd134e741e9142b756d175\")>\nmethod = <function presence_of_element_located.<locals>._predicate at 0x7f8df612f1c0>\nmessage = ''\n\n    def until(self, method, message: str = \"\"):\n        \"\"\"Calls the method provided with the driver as an argument until the \\\n        return value does not evaluate to ``False``.\n    \n        :param method: callable(WebDriver)\n        :param message: optional message for :exc:`TimeoutException`\n        :returns: the result of the last call to `method`\n        :raises: :exc:`selenium.common.exceptions.TimeoutException` if timeout occurs\n        \"\"\"\n        screen = None\n        stacktrace = None\n    \n        end_time = time.monotonic() + self._timeout\n        while True:\n            try:\n                value = method(self._driver)\n                if value:\n                    return value\n            except self._ignored_exceptions as exc:\n                screen = getattr(exc, \"screen\", None)\n                stacktrace = getattr(exc, \"stacktrace\", None)\n            time.sleep(self._poll)\n            if time.monotonic() > end_time:\n                break\n>       raise TimeoutException(message, screen, stacktrace)\nE       selenium.common.exceptions.TimeoutException: Message: \nE       Stacktrace:\nE       #0 0x55616c35cfe3 <unknown>\nE       #1 0x55616c09bd36 <unknown>\nE       #2 0x55616c0d8c4d <unknown>\nE       #3 0x55616c0d8d61 <unknown>\nE       #4 0x55616c1146a4 <unknown>\nE       #5 0x55616c0f98ed <unknown>\nE       #6 0x55616c112232 <unknown>\nE       #7 0x55616c0f9693 <unknown>\nE       #8 0x55616c0cc03a <unknown>\nE       #9 0x55616c0cd17e <unknown>\nE       #10 0x55616c31edbd <unknown>\nE       #11 0x55616c322c6c <unknown>\nE       #12 0x55616c32c4b0 <unknown>\nE       #13 0x55616c323d63 <unknown>\nE       #14 0x55616c2f6c35 <unknown>\nE       #15 0x55616c347138 <unknown>\nE       #16 0x55616c3472c7 <unknown>\nE       #17 0x55616c355093 <unknown>\nE       #18 0x7fab57b14b43 <unknown>\n\n/opt/hostedtoolcache/Python/3.10.11/x64/lib/python3.10/site-packages/selenium/webdriver/support/wait.py:95: TimeoutException","flaky":false,"newFailed":false,"newBroken":false,"newPassed":false,"retriesCount":0,"retriesStatusChange":false,"beforeStages":[{"name":"_xunit_setup_method_fixture_TestConduit","time":{"start":1681212091718,"stop":1681212093026,"duration":1308},"status":"passed","steps":[],"attachments":[],"parameters":[],"stepsCount":0,"attachmentsCount":0,"shouldDisplayMessage":false,"hasContent":false}],"afterStages":[{"name":"_xunit_setup_method_fixture_TestConduit::0","time":{"start":1681212095950,"stop":1681212096008,"duration":58},"status":"passed","steps":[],"attachments":[],"parameters":[],"stepsCount":0,"attachmentsCount":0,"shouldDisplayMessage":false,"hasContent":false}],"labels":[{"name":"parentSuite","value":"conduit_tests"},{"name":"suite","value":"test_conduit"},{"name":"subSuite","value":"TestConduit"},{"name":"host","value":"fv-az616-697"},{"name":"thread","value":"3123-MainThread"},{"name":"framework","value":"pytest"},{"name":"language","value":"cpython3"},{"name":"package","value":"conduit_tests.test_conduit"},{"name":"resultFormat","value":"allure2"}],"parameters":[],"links":[],"hidden":false,"retry":false,"extra":{"severity":"normal","retries":[],"categories":[{"name":"Test defects","matchedStatuses":[],"flaky":false}],"tags":[]},"source":"7011c5f0192d84ec.json","parameterValues":[]}